<?xml version="1.0" encoding="UTF-8"?>
<testsuite xmlns:xsi="http://www.w3.org/2001/XMLSchema-instance" xsi:noNamespaceSchemaLocation="https://maven.apache.org/surefire/maven-surefire-plugin/xsd/surefire-test-report.xsd" name="com.example.jobagapi.cucumber.CucumberRunnerTest" time="76.583" tests="14" errors="14" skipped="0" failures="0">
  <properties>
[...]
</properties>
  <testcase name="As a postulant i want to postulate a new job." classname="com.example.jobagapi.cucumber.CucumberRunnerTest" time="5.775">
    <error message="503 Service Unavailable: [&lt;!DOCTYPE html&gt;&#10;	&lt;html&gt;&#10;	  &lt;head&gt;&#10;		&lt;meta name=&quot;viewport&quot; content=&quot;width=device-width, initial-scale=1&quot;&gt;&#10;		&lt;meta charset=&quot;utf-8&quot;&gt;&#10;		&lt;title&gt;Application Error&lt;/title&gt;&#10;		&lt;style media=&quot;screen&quot;&gt;&#10;		  html,b... (506 bytes)]" type="org.springframework.web.client.HttpServerErrorException$ServiceUnavailable"><![CDATA[org.springframework.web.client.HttpServerErrorException$ServiceUnavailable: 
503 Service Unavailable: [<!DOCTYPE html>
	<html>
	  <head>
		<meta name="viewport" content="width=device-width, initial-scale=1">
		<meta charset="utf-8">
		<title>Application Error</title>
		<style media="screen">
		  html,b... (506 bytes)]
]]></error>
    <system-out><![CDATA[
Scenario Outline: As a postulant i want to postulate a new job. &amp#27;[90m# features/ApplyJob.feature:10&amp#27;[0m
  &amp#27;[31mGiven &amp#27;[0m&amp#27;[31mI want a new job&amp#27;[0m                                        &amp#27;[90m# com.example.jobagapi.cucumber.ApplyJobSteps.iWantANewJob()&amp#27;[0m
      &amp#27;[31morg.springframework.web.client.HttpServerErrorException$ServiceUnavailable: 503 Service Unavailable: [<!DOCTYPE html>
	<html>
	  <head>
		<meta name="viewport" content="width=device-width, initial-scale=1">
		<meta charset="utf-8">
		<title>Application Error</title>
		<style media="screen">
		  html,b... (506 bytes)]
	at org.springframework.web.client.HttpServerErrorException.create(HttpServerErrorException.java:112)
	at org.springframework.web.client.DefaultResponseErrorHandler.handleError(DefaultResponseErrorHandler.java:188)
	at org.springframework.web.client.DefaultResponseErrorHandler.handleError(DefaultResponseErrorHandler.java:125)
	at org.springframework.web.client.ResponseErrorHandler.handleError(ResponseErrorHandler.java:63)
	at org.springframework.web.client.RestTemplate.handleResponse(RestTemplate.java:819)
	at org.springframework.web.client.RestTemplate.doExecute(RestTemplate.java:777)
	at org.springframework.web.client.RestTemplate.execute(RestTemplate.java:711)
	at org.springframework.web.client.RestTemplate.getForObject(RestTemplate.java:334)
	at com.example.jobagapi.cucumber.ApplyJobSteps.iWantANewJob(ApplyJobSteps.java:35)
	at âœ½.I want a new job(classpath:features/ApplyJob.feature:4)
&amp#27;[0m
  &amp#27;[36mAnd &amp#27;[0m&amp#27;[36mThe job offer have a stable minimum &amp#27;[0m&amp#27;[36m&amp#27;[1m2500&amp#27;[0m                  &amp#27;[90m# com.example.jobagapi.cucumber.ApplyJobSteps.the_job_offer_have_a_stable_minimum_and(java.lang.Long)&amp#27;[0m
  &amp#27;[36mThen &amp#27;[0m&amp#27;[36mI should be able to see my newly job&amp#27;[0m                     &amp#27;[90m# com.example.jobagapi.cucumber.ApplyJobSteps.iShouldBeAbleToSeeMyNewlyJob()&amp#27;[0m
]]></system-out>
  </testcase>
  <testcase name="As a postulant i dont want postulate a jobs with low minimum salary" classname="com.example.jobagapi.cucumber.CucumberRunnerTest" time="5.444">
    <error message="503 Service Unavailable: [&lt;!DOCTYPE html&gt;&#10;	&lt;html&gt;&#10;	  &lt;head&gt;&#10;		&lt;meta name=&quot;viewport&quot; content=&quot;width=device-width, initial-scale=1&quot;&gt;&#10;		&lt;meta charset=&quot;utf-8&quot;&gt;&#10;		&lt;title&gt;Application Error&lt;/title&gt;&#10;		&lt;style media=&quot;screen&quot;&gt;&#10;		  html,b... (506 bytes)]" type="org.springframework.web.client.HttpServerErrorException$ServiceUnavailable"><![CDATA[org.springframework.web.client.HttpServerErrorException$ServiceUnavailable: 
503 Service Unavailable: [<!DOCTYPE html>
	<html>
	  <head>
		<meta name="viewport" content="width=device-width, initial-scale=1">
		<meta charset="utf-8">
		<title>Application Error</title>
		<style media="screen">
		  html,b... (506 bytes)]
]]></error>
    <system-out><![CDATA[
Scenario Outline: As a postulant i dont want postulate a jobs with low minimum salary &amp#27;[90m# features/ApplyJob.feature:18&amp#27;[0m
  &amp#27;[31mGiven &amp#27;[0m&amp#27;[31mI want a new job&amp#27;[0m                                                              &amp#27;[90m# com.example.jobagapi.cucumber.ApplyJobSteps.iWantANewJob()&amp#27;[0m
      &amp#27;[31morg.springframework.web.client.HttpServerErrorException$ServiceUnavailable: 503 Service Unavailable: [<!DOCTYPE html>
	<html>
	  <head>
		<meta name="viewport" content="width=device-width, initial-scale=1">
		<meta charset="utf-8">
		<title>Application Error</title>
		<style media="screen">
		  html,b... (506 bytes)]
	at org.springframework.web.client.HttpServerErrorException.create(HttpServerErrorException.java:112)
	at org.springframework.web.client.DefaultResponseErrorHandler.handleError(DefaultResponseErrorHandler.java:188)
	at org.springframework.web.client.DefaultResponseErrorHandler.handleError(DefaultResponseErrorHandler.java:125)
	at org.springframework.web.client.ResponseErrorHandler.handleError(ResponseErrorHandler.java:63)
	at org.springframework.web.client.RestTemplate.handleResponse(RestTemplate.java:819)
	at org.springframework.web.client.RestTemplate.doExecute(RestTemplate.java:777)
	at org.springframework.web.client.RestTemplate.execute(RestTemplate.java:711)
	at org.springframework.web.client.RestTemplate.getForObject(RestTemplate.java:334)
	at com.example.jobagapi.cucumber.ApplyJobSteps.iWantANewJob(ApplyJobSteps.java:35)
	at âœ½.I want a new job(classpath:features/ApplyJob.feature:13)
&amp#27;[0m
  &amp#27;[36mAnd &amp#27;[0m&amp#27;[36mThe job offer have a low minimum &amp#27;[0m&amp#27;[36m&amp#27;[1m910&amp#27;[0m                                            &amp#27;[90m# com.example.jobagapi.cucumber.ApplyJobSteps.the_job_offer_have_a_low_minimum(java.lang.Long)&amp#27;[0m
  &amp#27;[36mThen &amp#27;[0m&amp#27;[36mI should be able to see &amp#27;[0m&amp#27;[36m&amp#27;[1m"El salario debe ser mayor o igual a 930"&amp#27;[0m              &amp#27;[90m# com.example.jobagapi.cucumber.ApplyJobSteps.i_should_be_able_to_see(java.lang.String)&amp#27;[0m
]]></system-out>
  </testcase>
  <testcase name="As a postulant i want to access a interview through the link" classname="com.example.jobagapi.cucumber.CucumberRunnerTest" time="5.451">
    <error message="503 Service Unavailable: [&lt;!DOCTYPE html&gt;&#10;	&lt;html&gt;&#10;	  &lt;head&gt;&#10;		&lt;meta name=&quot;viewport&quot; content=&quot;width=device-width, initial-scale=1&quot;&gt;&#10;		&lt;meta charset=&quot;utf-8&quot;&gt;&#10;		&lt;title&gt;Application Error&lt;/title&gt;&#10;		&lt;style media=&quot;screen&quot;&gt;&#10;		  html,b... (506 bytes)]" type="org.springframework.web.client.HttpServerErrorException$ServiceUnavailable"><![CDATA[org.springframework.web.client.HttpServerErrorException$ServiceUnavailable: 
503 Service Unavailable: [<!DOCTYPE html>
	<html>
	  <head>
		<meta name="viewport" content="width=device-width, initial-scale=1">
		<meta charset="utf-8">
		<title>Application Error</title>
		<style media="screen">
		  html,b... (506 bytes)]
]]></error>
    <system-out><![CDATA[
Scenario Outline: As a postulant i want to access a interview through the link &amp#27;[90m# features/LinkInterview.feature:8&amp#27;[0m
  &amp#27;[31mGiven &amp#27;[0m&amp#27;[31mI am in the interview section&amp#27;[0m                                          &amp#27;[90m# com.example.jobagapi.cucumber.LinkInterviewSteps.iAmInTheInterviewSection()&amp#27;[0m
      &amp#27;[31morg.springframework.web.client.HttpServerErrorException$ServiceUnavailable: 503 Service Unavailable: [<!DOCTYPE html>
	<html>
	  <head>
		<meta name="viewport" content="width=device-width, initial-scale=1">
		<meta charset="utf-8">
		<title>Application Error</title>
		<style media="screen">
		  html,b... (506 bytes)]
	at org.springframework.web.client.HttpServerErrorException.create(HttpServerErrorException.java:112)
	at org.springframework.web.client.DefaultResponseErrorHandler.handleError(DefaultResponseErrorHandler.java:188)
	at org.springframework.web.client.DefaultResponseErrorHandler.handleError(DefaultResponseErrorHandler.java:125)
	at org.springframework.web.client.ResponseErrorHandler.handleError(ResponseErrorHandler.java:63)
	at org.springframework.web.client.RestTemplate.handleResponse(RestTemplate.java:819)
	at org.springframework.web.client.RestTemplate.doExecute(RestTemplate.java:777)
	at org.springframework.web.client.RestTemplate.execute(RestTemplate.java:711)
	at org.springframework.web.client.RestTemplate.getForObject(RestTemplate.java:334)
	at com.example.jobagapi.cucumber.LinkInterviewSteps.iAmInTheInterviewSection(LinkInterviewSteps.java:37)
	at âœ½.I am in the interview section(classpath:features/LinkInterview.feature:3)
&amp#27;[0m
  &amp#27;[36mAnd &amp#27;[0m&amp#27;[36mI register the interview link &amp#27;[0m&amp#27;[36m&amp#27;[1m"https://us04web.zoom.us/j"&amp#27;[0m                &amp#27;[90m# com.example.jobagapi.cucumber.LinkInterviewSteps.i_register_the_interview_link(java.lang.String)&amp#27;[0m
  &amp#27;[36mThen &amp#27;[0m&amp#27;[36mI want to see the message &amp#27;[0m&amp#27;[36m&amp#27;[1m"successful access to the platform"&amp#27;[0m           &amp#27;[90m# com.example.jobagapi.cucumber.LinkInterviewSteps.i_want_to_see_the_message(java.lang.String)&amp#27;[0m
]]></system-out>
  </testcase>
  <testcase name="As a postulant i want to access to my active payment plans" classname="com.example.jobagapi.cucumber.CucumberRunnerTest" time="5.427">
    <error message="503 Service Unavailable: [&lt;!DOCTYPE html&gt;&#10;	&lt;html&gt;&#10;	  &lt;head&gt;&#10;		&lt;meta name=&quot;viewport&quot; content=&quot;width=device-width, initial-scale=1&quot;&gt;&#10;		&lt;meta charset=&quot;utf-8&quot;&gt;&#10;		&lt;title&gt;Application Error&lt;/title&gt;&#10;		&lt;style media=&quot;screen&quot;&gt;&#10;		  html,b... (506 bytes)]" type="org.springframework.web.client.HttpServerErrorException$ServiceUnavailable"><![CDATA[org.springframework.web.client.HttpServerErrorException$ServiceUnavailable: 
503 Service Unavailable: [<!DOCTYPE html>
	<html>
	  <head>
		<meta name="viewport" content="width=device-width, initial-scale=1">
		<meta charset="utf-8">
		<title>Application Error</title>
		<style media="screen">
		  html,b... (506 bytes)]
]]></error>
    <system-out><![CDATA[
Scenario Outline: As a postulant i want to access to my active payment plans                          &amp#27;[90m# features/PlanPostulant.feature:9&amp#27;[0m
  &amp#27;[31mGiven &amp#27;[0m&amp#27;[31mI am in the plan section&amp#27;[0m                                                                      &amp#27;[90m# com.example.jobagapi.cucumber.PlanPostulantSteps.i_am_in_the_plan_section()&amp#27;[0m
      &amp#27;[31morg.springframework.web.client.HttpServerErrorException$ServiceUnavailable: 503 Service Unavailable: [<!DOCTYPE html>
	<html>
	  <head>
		<meta name="viewport" content="width=device-width, initial-scale=1">
		<meta charset="utf-8">
		<title>Application Error</title>
		<style media="screen">
		  html,b... (506 bytes)]
	at org.springframework.web.client.HttpServerErrorException.create(HttpServerErrorException.java:112)
	at org.springframework.web.client.DefaultResponseErrorHandler.handleError(DefaultResponseErrorHandler.java:188)
	at org.springframework.web.client.DefaultResponseErrorHandler.handleError(DefaultResponseErrorHandler.java:125)
	at org.springframework.web.client.ResponseErrorHandler.handleError(ResponseErrorHandler.java:63)
	at org.springframework.web.client.RestTemplate.handleResponse(RestTemplate.java:819)
	at org.springframework.web.client.RestTemplate.doExecute(RestTemplate.java:777)
	at org.springframework.web.client.RestTemplate.execute(RestTemplate.java:711)
	at org.springframework.web.client.RestTemplate.getForObject(RestTemplate.java:334)
	at com.example.jobagapi.cucumber.PlanPostulantSteps.i_am_in_the_plan_section(PlanPostulantSteps.java:43)
	at âœ½.I am in the plan section(classpath:features/PlanPostulant.feature:4)
&amp#27;[0m
  &amp#27;[36mAnd &amp#27;[0m&amp#27;[36mI want to access to the plan with plan&amp#27;[0m                                                          &amp#27;[90m# com.example.jobagapi.cucumber.PlanPostulantSteps.i_want_to_access_to_the_plan_with_plan()&amp#27;[0m
  &amp#27;[36mThen &amp#27;[0m&amp#27;[36mI want to see the plan with plan description &amp#27;[0m&amp#27;[36m&amp#27;[1m"plan_unlimited"&amp#27;[0m&amp#27;[36m,posts &amp#27;[0m&amp#27;[36m&amp#27;[1m3&amp#27;[0m&amp#27;[36m, video &amp#27;[0m&amp#27;[36m&amp#27;[1m5&amp#27;[0m&amp#27;[36m and duration &amp#27;[0m&amp#27;[36m&amp#27;[1m30&amp#27;[0m &amp#27;[90m# com.example.jobagapi.cucumber.PlanPostulantSteps.i_want_to_see_the_plan(java.lang.String,java.lang.Integer,java.lang.Integer,java.lang.Integer)&amp#27;[0m
]]></system-out>
  </testcase>
  <testcase name="As a postulant i want to have 2 active payment plans" classname="com.example.jobagapi.cucumber.CucumberRunnerTest" time="5.445">
    <error message="503 Service Unavailable: [&lt;!DOCTYPE html&gt;&#10;	&lt;html&gt;&#10;	  &lt;head&gt;&#10;		&lt;meta name=&quot;viewport&quot; content=&quot;width=device-width, initial-scale=1&quot;&gt;&#10;		&lt;meta charset=&quot;utf-8&quot;&gt;&#10;		&lt;title&gt;Application Error&lt;/title&gt;&#10;		&lt;style media=&quot;screen&quot;&gt;&#10;		  html,b... (506 bytes)]" type="org.springframework.web.client.HttpServerErrorException$ServiceUnavailable"><![CDATA[org.springframework.web.client.HttpServerErrorException$ServiceUnavailable: 
503 Service Unavailable: [<!DOCTYPE html>
	<html>
	  <head>
		<meta name="viewport" content="width=device-width, initial-scale=1">
		<meta charset="utf-8">
		<title>Application Error</title>
		<style media="screen">
		  html,b... (506 bytes)]
]]></error>
    <system-out><![CDATA[
Scenario Outline: As a postulant i want to have 2 active payment plans      &amp#27;[90m# features/PlanPostulant.feature:17&amp#27;[0m
  &amp#27;[31mGiven &amp#27;[0m&amp#27;[31mI am in the plan section&amp#27;[0m                                            &amp#27;[90m# com.example.jobagapi.cucumber.PlanPostulantSteps.i_am_in_the_plan_section()&amp#27;[0m
      &amp#27;[31morg.springframework.web.client.HttpServerErrorException$ServiceUnavailable: 503 Service Unavailable: [<!DOCTYPE html>
	<html>
	  <head>
		<meta name="viewport" content="width=device-width, initial-scale=1">
		<meta charset="utf-8">
		<title>Application Error</title>
		<style media="screen">
		  html,b... (506 bytes)]
	at org.springframework.web.client.HttpServerErrorException.create(HttpServerErrorException.java:112)
	at org.springframework.web.client.DefaultResponseErrorHandler.handleError(DefaultResponseErrorHandler.java:188)
	at org.springframework.web.client.DefaultResponseErrorHandler.handleError(DefaultResponseErrorHandler.java:125)
	at org.springframework.web.client.ResponseErrorHandler.handleError(ResponseErrorHandler.java:63)
	at org.springframework.web.client.RestTemplate.handleResponse(RestTemplate.java:819)
	at org.springframework.web.client.RestTemplate.doExecute(RestTemplate.java:777)
	at org.springframework.web.client.RestTemplate.execute(RestTemplate.java:711)
	at org.springframework.web.client.RestTemplate.getForObject(RestTemplate.java:334)
	at com.example.jobagapi.cucumber.PlanPostulantSteps.i_am_in_the_plan_section(PlanPostulantSteps.java:43)
	at âœ½.I am in the plan section(classpath:features/PlanPostulant.feature:12)
&amp#27;[0m
  &amp#27;[36mAnd &amp#27;[0m&amp#27;[36mI want to have more than one active payment plan&amp#27;[0m                      &amp#27;[90m# com.example.jobagapi.cucumber.PlanPostulantSteps.i_want_to_have_more_than_one_active_payment_plan()&amp#27;[0m
  &amp#27;[36mThen &amp#27;[0m&amp#27;[36mI should see a plan error message &amp#27;[0m&amp#27;[36m&amp#27;[1m"Solo puedes tener un plan activo"&amp#27;[0m &amp#27;[90m# com.example.jobagapi.cucumber.PlanPostulantSteps.i_should_see_a_plan_error_message(java.lang.String)&amp#27;[0m
]]></system-out>
  </testcase>
  <testcase name="As a Postulant i want to register with my email." classname="com.example.jobagapi.cucumber.CucumberRunnerTest" time="5.425">
    <error message="503 Service Unavailable: [&lt;!DOCTYPE html&gt;&#10;	&lt;html&gt;&#10;	  &lt;head&gt;&#10;		&lt;meta name=&quot;viewport&quot; content=&quot;width=device-width, initial-scale=1&quot;&gt;&#10;		&lt;meta charset=&quot;utf-8&quot;&gt;&#10;		&lt;title&gt;Application Error&lt;/title&gt;&#10;		&lt;style media=&quot;screen&quot;&gt;&#10;		  html,b... (506 bytes)]" type="org.springframework.web.client.HttpServerErrorException$ServiceUnavailable"><![CDATA[org.springframework.web.client.HttpServerErrorException$ServiceUnavailable: 
503 Service Unavailable: [<!DOCTYPE html>
	<html>
	  <head>
		<meta name="viewport" content="width=device-width, initial-scale=1">
		<meta charset="utf-8">
		<title>Application Error</title>
		<style media="screen">
		  html,b... (506 bytes)]
]]></error>
    <system-out><![CDATA[
Scenario Outline: As a Postulant i want to register with my email. &amp#27;[90m# features/PostulantEmail.feature:9&amp#27;[0m
  &amp#27;[31mGiven &amp#27;[0m&amp#27;[31mI am in the register seccion&amp#27;[0m                               &amp#27;[90m# com.example.jobagapi.cucumber.PostulantEmailSteps.iAmInTheRegisterSection()&amp#27;[0m
      &amp#27;[31morg.springframework.web.client.HttpServerErrorException$ServiceUnavailable: 503 Service Unavailable: [<!DOCTYPE html>
	<html>
	  <head>
		<meta name="viewport" content="width=device-width, initial-scale=1">
		<meta charset="utf-8">
		<title>Application Error</title>
		<style media="screen">
		  html,b... (506 bytes)]
	at org.springframework.web.client.HttpServerErrorException.create(HttpServerErrorException.java:112)
	at org.springframework.web.client.DefaultResponseErrorHandler.handleError(DefaultResponseErrorHandler.java:188)
	at org.springframework.web.client.DefaultResponseErrorHandler.handleError(DefaultResponseErrorHandler.java:125)
	at org.springframework.web.client.ResponseErrorHandler.handleError(ResponseErrorHandler.java:63)
	at org.springframework.web.client.RestTemplate.handleResponse(RestTemplate.java:819)
	at org.springframework.web.client.RestTemplate.doExecute(RestTemplate.java:777)
	at org.springframework.web.client.RestTemplate.execute(RestTemplate.java:711)
	at org.springframework.web.client.RestTemplate.getForObject(RestTemplate.java:334)
	at com.example.jobagapi.cucumber.PostulantEmailSteps.iAmInTheRegisterSection(PostulantEmailSteps.java:33)
	at âœ½.I am in the register seccion(classpath:features/PostulantEmail.feature:4)
&amp#27;[0m
  &amp#27;[36mAnd &amp#27;[0m&amp#27;[36mregister with id &amp#27;[0m&amp#27;[36m&amp#27;[1m1&amp#27;[0m&amp#27;[36m and email&amp#27;[0m                                 &amp#27;[90m# com.example.jobagapi.cucumber.PostulantEmailSteps.I_register_with_email(java.lang.Long)&amp#27;[0m
  &amp#27;[36mThen &amp#27;[0m&amp#27;[36mI should be able to register&amp#27;[0m                                &amp#27;[90m# com.example.jobagapi.cucumber.PostulantEmailSteps.i_want_to_see_my_register()&amp#27;[0m
]]></system-out>
  </testcase>
  <testcase name="As a Postulant i want to see a error if the email is in use." classname="com.example.jobagapi.cucumber.CucumberRunnerTest" time="5.492">
    <error message="503 Service Unavailable: [&lt;!DOCTYPE html&gt;&#10;	&lt;html&gt;&#10;	  &lt;head&gt;&#10;		&lt;meta name=&quot;viewport&quot; content=&quot;width=device-width, initial-scale=1&quot;&gt;&#10;		&lt;meta charset=&quot;utf-8&quot;&gt;&#10;		&lt;title&gt;Application Error&lt;/title&gt;&#10;		&lt;style media=&quot;screen&quot;&gt;&#10;		  html,b... (506 bytes)]" type="org.springframework.web.client.HttpServerErrorException$ServiceUnavailable"><![CDATA[org.springframework.web.client.HttpServerErrorException$ServiceUnavailable: 
503 Service Unavailable: [<!DOCTYPE html>
	<html>
	  <head>
		<meta name="viewport" content="width=device-width, initial-scale=1">
		<meta charset="utf-8">
		<title>Application Error</title>
		<style media="screen">
		  html,b... (506 bytes)]
]]></error>
    <system-out><![CDATA[
Scenario Outline: As a Postulant i want to see a error if the email is in use. &amp#27;[90m# features/PostulantEmail.feature:17&amp#27;[0m
  &amp#27;[31mGiven &amp#27;[0m&amp#27;[31mI am in the register seccion&amp#27;[0m                                           &amp#27;[90m# com.example.jobagapi.cucumber.PostulantEmailSteps.iAmInTheRegisterSection()&amp#27;[0m
      &amp#27;[31morg.springframework.web.client.HttpServerErrorException$ServiceUnavailable: 503 Service Unavailable: [<!DOCTYPE html>
	<html>
	  <head>
		<meta name="viewport" content="width=device-width, initial-scale=1">
		<meta charset="utf-8">
		<title>Application Error</title>
		<style media="screen">
		  html,b... (506 bytes)]
	at org.springframework.web.client.HttpServerErrorException.create(HttpServerErrorException.java:112)
	at org.springframework.web.client.DefaultResponseErrorHandler.handleError(DefaultResponseErrorHandler.java:188)
	at org.springframework.web.client.DefaultResponseErrorHandler.handleError(DefaultResponseErrorHandler.java:125)
	at org.springframework.web.client.ResponseErrorHandler.handleError(ResponseErrorHandler.java:63)
	at org.springframework.web.client.RestTemplate.handleResponse(RestTemplate.java:819)
	at org.springframework.web.client.RestTemplate.doExecute(RestTemplate.java:777)
	at org.springframework.web.client.RestTemplate.execute(RestTemplate.java:711)
	at org.springframework.web.client.RestTemplate.getForObject(RestTemplate.java:334)
	at com.example.jobagapi.cucumber.PostulantEmailSteps.iAmInTheRegisterSection(PostulantEmailSteps.java:33)
	at âœ½.I am in the register seccion(classpath:features/PostulantEmail.feature:12)
&amp#27;[0m
  &amp#27;[36mAnd &amp#27;[0m&amp#27;[36mregister a repeat email&amp#27;[0m                                                  &amp#27;[90m# com.example.jobagapi.cucumber.PostulantEmailSteps.register_a_repeat_email()&amp#27;[0m
  &amp#27;[36mThen &amp#27;[0m&amp#27;[36mI should see a message &amp#27;[0m&amp#27;[36m&amp#27;[1m"El email ya esta en uso"&amp#27;[0m                        &amp#27;[90m# com.example.jobagapi.cucumber.PostulantEmailSteps.i_Should_See_A_MessageError(java.lang.String)&amp#27;[0m
]]></system-out>
  </testcase>
  <testcase name="The applicant postulant to register successfully" classname="com.example.jobagapi.cucumber.CucumberRunnerTest" time="5.466">
    <error message="503 Service Unavailable: [&lt;!DOCTYPE html&gt;&#10;	&lt;html&gt;&#10;	  &lt;head&gt;&#10;		&lt;meta name=&quot;viewport&quot; content=&quot;width=device-width, initial-scale=1&quot;&gt;&#10;		&lt;meta charset=&quot;utf-8&quot;&gt;&#10;		&lt;title&gt;Application Error&lt;/title&gt;&#10;		&lt;style media=&quot;screen&quot;&gt;&#10;		  html,b... (506 bytes)]" type="org.springframework.web.client.HttpServerErrorException$ServiceUnavailable"><![CDATA[org.springframework.web.client.HttpServerErrorException$ServiceUnavailable: 
503 Service Unavailable: [<!DOCTYPE html>
	<html>
	  <head>
		<meta name="viewport" content="width=device-width, initial-scale=1">
		<meta charset="utf-8">
		<title>Application Error</title>
		<style media="screen">
		  html,b... (506 bytes)]
]]></error>
    <system-out><![CDATA[
Scenario Outline: The applicant postulant to register successfully                                           &amp#27;[90m# features/PostulantEmail.feature:26&amp#27;[0m
  &amp#27;[31mGiven &amp#27;[0m&amp#27;[31mthe applicant enters the application&amp#27;[0m                                                                 &amp#27;[90m# com.example.jobagapi.cucumber.PostulantEmailSteps.the_applicant_enters_the_application()&amp#27;[0m
      &amp#27;[31morg.springframework.web.client.HttpServerErrorException$ServiceUnavailable: 503 Service Unavailable: [<!DOCTYPE html>
	<html>
	  <head>
		<meta name="viewport" content="width=device-width, initial-scale=1">
		<meta charset="utf-8">
		<title>Application Error</title>
		<style media="screen">
		  html,b... (506 bytes)]
	at org.springframework.web.client.HttpServerErrorException.create(HttpServerErrorException.java:112)
	at org.springframework.web.client.DefaultResponseErrorHandler.handleError(DefaultResponseErrorHandler.java:188)
	at org.springframework.web.client.DefaultResponseErrorHandler.handleError(DefaultResponseErrorHandler.java:125)
	at org.springframework.web.client.ResponseErrorHandler.handleError(ResponseErrorHandler.java:63)
	at org.springframework.web.client.RestTemplate.handleResponse(RestTemplate.java:819)
	at org.springframework.web.client.RestTemplate.doExecute(RestTemplate.java:777)
	at org.springframework.web.client.RestTemplate.execute(RestTemplate.java:711)
	at org.springframework.web.client.RestTemplate.getForObject(RestTemplate.java:334)
	at com.example.jobagapi.cucumber.PostulantEmailSteps.the_applicant_enters_the_application(PostulantEmailSteps.java:94)
	at âœ½.the applicant enters the application(classpath:features/PostulantEmail.feature:20)
&amp#27;[0m
  &amp#27;[36mAnd &amp#27;[0m&amp#27;[36mpress the option to register by sharpening your personal data, email, cell phone number and a password&amp#27;[0m &amp#27;[90m# com.example.jobagapi.cucumber.PostulantEmailSteps.press_the_option_to_register_by_sharpening_your_personal_data_email_cell_phone_number_and_a_password()&amp#27;[0m
  &amp#27;[36mThen &amp#27;[0m&amp#27;[36myou are notified by text message that the registration was successful &amp#27;[0m&amp#27;[36m&amp#27;[1m999999999&amp#27;[0m                       &amp#27;[90m# com.example.jobagapi.cucumber.PostulantEmailSteps.you_are_notified_by_text_message_that_the_registration_was_successful(java.lang.Integer)&amp#27;[0m
]]></system-out>
  </testcase>
  <testcase name="As a Postulant i want to add to my professionalprofile my skills." classname="com.example.jobagapi.cucumber.CucumberRunnerTest" time="5.413">
    <error message="503 Service Unavailable: [&lt;!DOCTYPE html&gt;&#10;	&lt;html&gt;&#10;	  &lt;head&gt;&#10;		&lt;meta name=&quot;viewport&quot; content=&quot;width=device-width, initial-scale=1&quot;&gt;&#10;		&lt;meta charset=&quot;utf-8&quot;&gt;&#10;		&lt;title&gt;Application Error&lt;/title&gt;&#10;		&lt;style media=&quot;screen&quot;&gt;&#10;		  html,b... (506 bytes)]" type="org.springframework.web.client.HttpServerErrorException$ServiceUnavailable"><![CDATA[org.springframework.web.client.HttpServerErrorException$ServiceUnavailable: 
503 Service Unavailable: [<!DOCTYPE html>
	<html>
	  <head>
		<meta name="viewport" content="width=device-width, initial-scale=1">
		<meta charset="utf-8">
		<title>Application Error</title>
		<style media="screen">
		  html,b... (506 bytes)]
]]></error>
    <system-out><![CDATA[
Scenario Outline: As a Postulant i want to add to my professionalprofile my skills. &amp#27;[90m# features/ProfessionalProfileModify.feature:10&amp#27;[0m
  &amp#27;[31mGiven &amp#27;[0m&amp#27;[31mI want my professionalprofile&amp#27;[0m                                               &amp#27;[90m# com.example.jobagapi.cucumber.ProfessionalProfileAddinSkillsSteps.i_want_my_professionalprofile()&amp#27;[0m
      &amp#27;[31morg.springframework.web.client.HttpServerErrorException$ServiceUnavailable: 503 Service Unavailable: [<!DOCTYPE html>
	<html>
	  <head>
		<meta name="viewport" content="width=device-width, initial-scale=1">
		<meta charset="utf-8">
		<title>Application Error</title>
		<style media="screen">
		  html,b... (506 bytes)]
	at org.springframework.web.client.HttpServerErrorException.create(HttpServerErrorException.java:112)
	at org.springframework.web.client.DefaultResponseErrorHandler.handleError(DefaultResponseErrorHandler.java:188)
	at org.springframework.web.client.DefaultResponseErrorHandler.handleError(DefaultResponseErrorHandler.java:125)
	at org.springframework.web.client.ResponseErrorHandler.handleError(ResponseErrorHandler.java:63)
	at org.springframework.web.client.RestTemplate.handleResponse(RestTemplate.java:819)
	at org.springframework.web.client.RestTemplate.doExecute(RestTemplate.java:777)
	at org.springframework.web.client.RestTemplate.execute(RestTemplate.java:711)
	at org.springframework.web.client.RestTemplate.getForObject(RestTemplate.java:334)
	at com.example.jobagapi.cucumber.ProfessionalProfileAddinSkillsSteps.i_want_my_professionalprofile(ProfessionalProfileAddinSkillsSteps.java:37)
	at âœ½.I want my professionalprofile(classpath:features/ProfessionalProfileModify.feature:4)
&amp#27;[0m
  &amp#27;[36mAnd &amp#27;[0m&amp#27;[36mI add my new skill &amp#27;[0m&amp#27;[36m&amp#27;[1m"Ingles avanzado 5"&amp#27;[0m                                        &amp#27;[90m# com.example.jobagapi.cucumber.ProfessionalProfileAddinSkillsSteps.i_add_my_new_skill(java.lang.String)&amp#27;[0m
  &amp#27;[36mThen &amp#27;[0m&amp#27;[36mI should be able to see &amp#27;[0m&amp#27;[36m&amp#27;[1m"Se agrego la habilidad correctamente"&amp#27;[0m               &amp#27;[90m# com.example.jobagapi.cucumber.ApplyJobSteps.i_should_be_able_to_see(java.lang.String)&amp#27;[0m
]]></system-out>
  </testcase>
  <testcase name="As a user i want to sign up as a employeer with a not used phone number." classname="com.example.jobagapi.cucumber.CucumberRunnerTest" time="5.421">
    <error message="503 Service Unavailable: [&lt;!DOCTYPE html&gt;&#10;	&lt;html&gt;&#10;	  &lt;head&gt;&#10;		&lt;meta name=&quot;viewport&quot; content=&quot;width=device-width, initial-scale=1&quot;&gt;&#10;		&lt;meta charset=&quot;utf-8&quot;&gt;&#10;		&lt;title&gt;Application Error&lt;/title&gt;&#10;		&lt;style media=&quot;screen&quot;&gt;&#10;		  html,b... (506 bytes)]" type="org.springframework.web.client.HttpServerErrorException$ServiceUnavailable"><![CDATA[org.springframework.web.client.HttpServerErrorException$ServiceUnavailable: 
503 Service Unavailable: [<!DOCTYPE html>
	<html>
	  <head>
		<meta name="viewport" content="width=device-width, initial-scale=1">
		<meta charset="utf-8">
		<title>Application Error</title>
		<style media="screen">
		  html,b... (506 bytes)]
]]></error>
    <system-out><![CDATA[
Scenario Outline: As a user i want to sign up as a employeer with a not used phone number. &amp#27;[90m# features/RegisterEmployeer.feature:10&amp#27;[0m
  &amp#27;[31mGiven &amp#27;[0m&amp#27;[31mI can sign up as a employeer&amp#27;[0m                                                       &amp#27;[90m# com.example.jobagapi.cucumber.RegisterEmployeerSteps.i_can_sign_up_as_a_employeer()&amp#27;[0m
      &amp#27;[31morg.springframework.web.client.HttpServerErrorException$ServiceUnavailable: 503 Service Unavailable: [<!DOCTYPE html>
	<html>
	  <head>
		<meta name="viewport" content="width=device-width, initial-scale=1">
		<meta charset="utf-8">
		<title>Application Error</title>
		<style media="screen">
		  html,b... (506 bytes)]
	at org.springframework.web.client.HttpServerErrorException.create(HttpServerErrorException.java:112)
	at org.springframework.web.client.DefaultResponseErrorHandler.handleError(DefaultResponseErrorHandler.java:188)
	at org.springframework.web.client.DefaultResponseErrorHandler.handleError(DefaultResponseErrorHandler.java:125)
	at org.springframework.web.client.ResponseErrorHandler.handleError(ResponseErrorHandler.java:63)
	at org.springframework.web.client.RestTemplate.handleResponse(RestTemplate.java:819)
	at org.springframework.web.client.RestTemplate.doExecute(RestTemplate.java:777)
	at org.springframework.web.client.RestTemplate.execute(RestTemplate.java:711)
	at org.springframework.web.client.RestTemplate.getForObject(RestTemplate.java:334)
	at com.example.jobagapi.cucumber.RegisterEmployeerSteps.i_can_sign_up_as_a_employeer(RegisterEmployeerSteps.java:36)
	at âœ½.I can sign up as a employeer(classpath:features/RegisterEmployeer.feature:5)
&amp#27;[0m
  &amp#27;[36mAnd &amp#27;[0m&amp#27;[36mI sending employeer to be created with employeer &amp#27;[0m&amp#27;[36m&amp#27;[1m1&amp#27;[0m                                   &amp#27;[90m# com.example.jobagapi.cucumber.RegisterEmployeerSteps.i_sending_employer(java.lang.Long)&amp#27;[0m
  &amp#27;[36mThen &amp#27;[0m&amp#27;[36mI should be able to see my newly created employeer&amp#27;[0m                                  &amp#27;[90m# com.example.jobagapi.cucumber.RegisterEmployeerSteps.i_should_be_able_to_see_my_newly_created_employeer()&amp#27;[0m
]]></system-out>
  </testcase>
  <testcase name="As a Employeer i want to see a error if the number is in use." classname="com.example.jobagapi.cucumber.CucumberRunnerTest" time="5.426">
    <error message="503 Service Unavailable: [&lt;!DOCTYPE html&gt;&#10;	&lt;html&gt;&#10;	  &lt;head&gt;&#10;		&lt;meta name=&quot;viewport&quot; content=&quot;width=device-width, initial-scale=1&quot;&gt;&#10;		&lt;meta charset=&quot;utf-8&quot;&gt;&#10;		&lt;title&gt;Application Error&lt;/title&gt;&#10;		&lt;style media=&quot;screen&quot;&gt;&#10;		  html,b... (506 bytes)]" type="org.springframework.web.client.HttpServerErrorException$ServiceUnavailable"><![CDATA[org.springframework.web.client.HttpServerErrorException$ServiceUnavailable: 
503 Service Unavailable: [<!DOCTYPE html>
	<html>
	  <head>
		<meta name="viewport" content="width=device-width, initial-scale=1">
		<meta charset="utf-8">
		<title>Application Error</title>
		<style media="screen">
		  html,b... (506 bytes)]
]]></error>
    <system-out><![CDATA[
Scenario Outline: As a Employeer i want to see a error if the number is in use. &amp#27;[90m# features/RegisterEmployeer.feature:19&amp#27;[0m
  &amp#27;[31mGiven &amp#27;[0m&amp#27;[31mI am in the register seccion&amp#27;[0m                                            &amp#27;[90m# com.example.jobagapi.cucumber.PostulantEmailSteps.iAmInTheRegisterSection()&amp#27;[0m
      &amp#27;[31morg.springframework.web.client.HttpServerErrorException$ServiceUnavailable: 503 Service Unavailable: [<!DOCTYPE html>
	<html>
	  <head>
		<meta name="viewport" content="width=device-width, initial-scale=1">
		<meta charset="utf-8">
		<title>Application Error</title>
		<style media="screen">
		  html,b... (506 bytes)]
	at org.springframework.web.client.HttpServerErrorException.create(HttpServerErrorException.java:112)
	at org.springframework.web.client.DefaultResponseErrorHandler.handleError(DefaultResponseErrorHandler.java:188)
	at org.springframework.web.client.DefaultResponseErrorHandler.handleError(DefaultResponseErrorHandler.java:125)
	at org.springframework.web.client.ResponseErrorHandler.handleError(ResponseErrorHandler.java:63)
	at org.springframework.web.client.RestTemplate.handleResponse(RestTemplate.java:819)
	at org.springframework.web.client.RestTemplate.doExecute(RestTemplate.java:777)
	at org.springframework.web.client.RestTemplate.execute(RestTemplate.java:711)
	at org.springframework.web.client.RestTemplate.getForObject(RestTemplate.java:334)
	at com.example.jobagapi.cucumber.PostulantEmailSteps.iAmInTheRegisterSection(PostulantEmailSteps.java:33)
	at âœ½.I am in the register seccion(classpath:features/RegisterEmployeer.feature:14)
&amp#27;[0m
  &amp#27;[36mAnd &amp#27;[0m&amp#27;[36mregister a repeated number&amp#27;[0m                                                &amp#27;[90m# com.example.jobagapi.cucumber.RegisterEmployeerSteps.registerARepeatedNumber()&amp#27;[0m
  &amp#27;[36mThen &amp#27;[0m&amp#27;[36mI should see a error message &amp#27;[0m&amp#27;[36m&amp#27;[1m"El numero ya esta en uso"&amp#27;[0m                  &amp#27;[90m# com.example.jobagapi.cucumber.RegisterEmployeerSteps.iShouldSeeAErrorMessageError(java.lang.String)&amp#27;[0m
]]></system-out>
  </testcase>
  <testcase name="Postulant is unable to register" classname="com.example.jobagapi.cucumber.CucumberRunnerTest" time="5.427">
    <error message="503 Service Unavailable: [&lt;!DOCTYPE html&gt;&#10;	&lt;html&gt;&#10;	  &lt;head&gt;&#10;		&lt;meta name=&quot;viewport&quot; content=&quot;width=device-width, initial-scale=1&quot;&gt;&#10;		&lt;meta charset=&quot;utf-8&quot;&gt;&#10;		&lt;title&gt;Application Error&lt;/title&gt;&#10;		&lt;style media=&quot;screen&quot;&gt;&#10;		  html,b... (506 bytes)]" type="org.springframework.web.client.HttpServerErrorException$ServiceUnavailable"><![CDATA[org.springframework.web.client.HttpServerErrorException$ServiceUnavailable: 
503 Service Unavailable: [<!DOCTYPE html>
	<html>
	  <head>
		<meta name="viewport" content="width=device-width, initial-scale=1">
		<meta charset="utf-8">
		<title>Application Error</title>
		<style media="screen">
		  html,b... (506 bytes)]
]]></error>
    <system-out><![CDATA[
Scenario Outline: Postulant is unable to register                                                       &amp#27;[90m# features/RegisterPostulant.feature:10&amp#27;[0m
  &amp#27;[31mGiven &amp#27;[0m&amp#27;[31mthe postulant enters the application&amp#27;[0m                                                            &amp#27;[90m# com.example.jobagapi.cucumber.RegisterPostulantStep.thePostulantEntersTheApplication()&amp#27;[0m
      &amp#27;[31morg.springframework.web.client.HttpServerErrorException$ServiceUnavailable: 503 Service Unavailable: [<!DOCTYPE html>
	<html>
	  <head>
		<meta name="viewport" content="width=device-width, initial-scale=1">
		<meta charset="utf-8">
		<title>Application Error</title>
		<style media="screen">
		  html,b... (506 bytes)]
	at org.springframework.web.client.HttpServerErrorException.create(HttpServerErrorException.java:112)
	at org.springframework.web.client.DefaultResponseErrorHandler.handleError(DefaultResponseErrorHandler.java:188)
	at org.springframework.web.client.DefaultResponseErrorHandler.handleError(DefaultResponseErrorHandler.java:125)
	at org.springframework.web.client.ResponseErrorHandler.handleError(ResponseErrorHandler.java:63)
	at org.springframework.web.client.RestTemplate.handleResponse(RestTemplate.java:819)
	at org.springframework.web.client.RestTemplate.doExecute(RestTemplate.java:777)
	at org.springframework.web.client.RestTemplate.execute(RestTemplate.java:711)
	at org.springframework.web.client.RestTemplate.getForObject(RestTemplate.java:334)
	at com.example.jobagapi.cucumber.RegisterPostulantStep.thePostulantEntersTheApplication(RegisterPostulantStep.java:34)
	at âœ½.the postulant enters the application(classpath:features/RegisterPostulant.feature:4)
&amp#27;[0m
  &amp#27;[36mAnd &amp#27;[0m&amp#27;[36myou press the register option and it does not fill in the data properly &amp#27;[0m&amp#27;[36m&amp#27;[1m0&amp#27;[0m                         &amp#27;[90m# com.example.jobagapi.cucumber.RegisterPostulantStep.you_press_the_register_option_and_it_does_not_fill_in_the_data_properly(java.lang.Integer)&amp#27;[0m
  &amp#27;[36mThen &amp#27;[0m&amp#27;[36mI should be able to see &amp#27;[0m&amp#27;[36m&amp#27;[1m"el proceso de registro no se realiza porque debe digitar datos vÃ¡lidos"&amp#27;[0m &amp#27;[90m# com.example.jobagapi.cucumber.ApplyJobSteps.i_should_be_able_to_see(java.lang.String)&amp#27;[0m
]]></system-out>
  </testcase>
  <testcase name="The postulant enters a wrong or not allowed registration data" classname="com.example.jobagapi.cucumber.CucumberRunnerTest" time="5.506">
    <error message="503 Service Unavailable: [&lt;!DOCTYPE html&gt;&#10;	&lt;html&gt;&#10;	  &lt;head&gt;&#10;		&lt;meta name=&quot;viewport&quot; content=&quot;width=device-width, initial-scale=1&quot;&gt;&#10;		&lt;meta charset=&quot;utf-8&quot;&gt;&#10;		&lt;title&gt;Application Error&lt;/title&gt;&#10;		&lt;style media=&quot;screen&quot;&gt;&#10;		  html,b... (506 bytes)]" type="org.springframework.web.client.HttpServerErrorException$ServiceUnavailable"><![CDATA[org.springframework.web.client.HttpServerErrorException$ServiceUnavailable: 
503 Service Unavailable: [<!DOCTYPE html>
	<html>
	  <head>
		<meta name="viewport" content="width=device-width, initial-scale=1">
		<meta charset="utf-8">
		<title>Application Error</title>
		<style media="screen">
		  html,b... (506 bytes)]
]]></error>
    <system-out><![CDATA[
Scenario Outline: The postulant enters a wrong or not allowed registration data                                                   &amp#27;[90m# features/RegisterPostulant.feature:18&amp#27;[0m
  &amp#27;[31mGiven &amp#27;[0m&amp#27;[31mthe postulant is filling in registration data&amp#27;[0m                                                                             &amp#27;[90m# com.example.jobagapi.cucumber.RegisterPostulantStep.thePostulantIsFillingInRegistrationData()&amp#27;[0m
      &amp#27;[31morg.springframework.web.client.HttpServerErrorException$ServiceUnavailable: 503 Service Unavailable: [<!DOCTYPE html>
	<html>
	  <head>
		<meta name="viewport" content="width=device-width, initial-scale=1">
		<meta charset="utf-8">
		<title>Application Error</title>
		<style media="screen">
		  html,b... (506 bytes)]
	at org.springframework.web.client.HttpServerErrorException.create(HttpServerErrorException.java:112)
	at org.springframework.web.client.DefaultResponseErrorHandler.handleError(DefaultResponseErrorHandler.java:188)
	at org.springframework.web.client.DefaultResponseErrorHandler.handleError(DefaultResponseErrorHandler.java:125)
	at org.springframework.web.client.ResponseErrorHandler.handleError(ResponseErrorHandler.java:63)
	at org.springframework.web.client.RestTemplate.handleResponse(RestTemplate.java:819)
	at org.springframework.web.client.RestTemplate.doExecute(RestTemplate.java:777)
	at org.springframework.web.client.RestTemplate.execute(RestTemplate.java:711)
	at org.springframework.web.client.RestTemplate.getForObject(RestTemplate.java:334)
	at com.example.jobagapi.cucumber.RegisterPostulantStep.thePostulantIsFillingInRegistrationData(RegisterPostulantStep.java:63)
	at âœ½.the postulant is filling in registration data(classpath:features/RegisterPostulant.feature:13)
&amp#27;[0m
  &amp#27;[36mAnd &amp#27;[0m&amp#27;[36menter a piece of information that does not meet the requirements &amp#27;[0m&amp#27;[36m&amp#27;[1m"mark@htomail.com"&amp#27;[0m                                         &amp#27;[90m# com.example.jobagapi.cucumber.RegisterPostulantStep.enter_a_piece_of_information_that_does_not_meet_the_requirements(java.lang.String)&amp#27;[0m
  &amp#27;[36mThen &amp#27;[0m&amp#27;[36myou are shown a message that a registration data is wrong &amp#27;[0m&amp#27;[36m&amp#27;[1m"el correo electronico ingresado no es valido, intente de nuevo"&amp#27;[0m &amp#27;[90m# com.example.jobagapi.cucumber.RegisterPostulantStep.you_are_shown_a_message_that_a_registration_data_is_wrong(java.lang.String)&amp#27;[0m
]]></system-out>
  </testcase>
  <testcase name="The psotulant did not accept the terms and conditions" classname="com.example.jobagapi.cucumber.CucumberRunnerTest" time="5.421">
    <error message="503 Service Unavailable: [&lt;!DOCTYPE html&gt;&#10;	&lt;html&gt;&#10;	  &lt;head&gt;&#10;		&lt;meta name=&quot;viewport&quot; content=&quot;width=device-width, initial-scale=1&quot;&gt;&#10;		&lt;meta charset=&quot;utf-8&quot;&gt;&#10;		&lt;title&gt;Application Error&lt;/title&gt;&#10;		&lt;style media=&quot;screen&quot;&gt;&#10;		  html,b... (506 bytes)]" type="org.springframework.web.client.HttpServerErrorException$ServiceUnavailable"><![CDATA[org.springframework.web.client.HttpServerErrorException$ServiceUnavailable: 
503 Service Unavailable: [<!DOCTYPE html>
	<html>
	  <head>
		<meta name="viewport" content="width=device-width, initial-scale=1">
		<meta charset="utf-8">
		<title>Application Error</title>
		<style media="screen">
		  html,b... (506 bytes)]
]]></error>
    <system-out><![CDATA[
Scenario Outline: The psotulant did not accept the terms and conditions                                                                                &amp#27;[90m# features/RegisterPostulant.feature:26&amp#27;[0m
  &amp#27;[31mGiven &amp#27;[0m&amp#27;[31mthe postulant is completing his registration&amp#27;[0m                                                                                                   &amp#27;[90m# com.example.jobagapi.cucumber.RegisterPostulantStep.thePostulantIsCompletingHisRegistration()&amp#27;[0m
      &amp#27;[31morg.springframework.web.client.HttpServerErrorException$ServiceUnavailable: 503 Service Unavailable: [<!DOCTYPE html>
	<html>
	  <head>
		<meta name="viewport" content="width=device-width, initial-scale=1">
		<meta charset="utf-8">
		<title>Application Error</title>
		<style media="screen">
		  html,b... (506 bytes)]
	at org.springframework.web.client.HttpServerErrorException.create(HttpServerErrorException.java:112)
	at org.springframework.web.client.DefaultResponseErrorHandler.handleError(DefaultResponseErrorHandler.java:188)
	at org.springframework.web.client.DefaultResponseErrorHandler.handleError(DefaultResponseErrorHandler.java:125)
	at org.springframework.web.client.ResponseErrorHandler.handleError(ResponseErrorHandler.java:63)
	at org.springframework.web.client.RestTemplate.handleResponse(RestTemplate.java:819)
	at org.springframework.web.client.RestTemplate.doExecute(RestTemplate.java:777)
	at org.springframework.web.client.RestTemplate.execute(RestTemplate.java:711)
	at org.springframework.web.client.RestTemplate.getForObject(RestTemplate.java:334)
	at com.example.jobagapi.cucumber.RegisterPostulantStep.thePostulantIsCompletingHisRegistration(RegisterPostulantStep.java:97)
	at âœ½.the postulant is completing his registration(classpath:features/RegisterPostulant.feature:21)
&amp#27;[0m
  &amp#27;[36mAnd &amp#27;[0m&amp#27;[36mdoes not accept the terms and conditions of account registration&amp#27;[0m                                                                                 &amp#27;[90m# com.example.jobagapi.cucumber.RegisterPostulantStep.doesNotAcceptTheTermsAndConditionsOfAccountRegistration()&amp#27;[0m
  &amp#27;[36mThen &amp#27;[0m&amp#27;[36myou are not allowed to register and you are asked to accept the terms &amp#27;[0m&amp#27;[36m&amp#27;[1m"no se puedo crear la cuenta, por favor acepte los teminos y condiciones"&amp#27;[0m &amp#27;[90m# com.example.jobagapi.cucumber.RegisterPostulantStep.you_are_not_allowed_to_register_and_you_are_asked_to_accept_the_terms(java.lang.String)&amp#27;[0m
]]></system-out>
  </testcase>
</testsuite>